<?xml version="1.0" encoding="UTF-8"?>
<!-- Generated by org.testng.reporters.JUnitReportReporter -->
<testsuite skipped="0" hostname="Iqbal-PC" name="testcase.TC_Registration" tests="1" failures="0" timestamp="30 Oct 2017 05:03:29 GMT" time="56.611" errors="0">
  <testcase name="registerUser" time="56.611" classname="testcase.TC_Registration"/>
</testsuite> <!-- testcase.TC_Registration -->
