<?xml version="1.0" encoding="UTF-8"?>
<!-- Generated by org.testng.reporters.JUnitReportReporter -->
<testsuite skipped="0" hostname="Iqbal-PC" name="testcase.TC_Login" tests="1" failures="0" timestamp="30 Oct 2017 05:03:29 GMT" time="42.462" errors="0">
  <testcase name="login" time="42.462" classname="testcase.TC_Login"/>
</testsuite> <!-- testcase.TC_Login -->
