<?xml version="1.0" encoding="UTF-8"?>
<!-- Generated by org.testng.reporters.JUnitReportReporter -->
<testsuite skipped="0" hostname="Iqbal-PC" name="testcase.TC_FlightReservation" tests="2" failures="0" timestamp="30 Oct 2017 05:03:29 GMT" time="147.343" errors="0">
  <testcase name="flightReservation" time="72.061" classname="testcase.TC_FlightReservation"/>
  <testcase name="flightReservation" time="75.282" classname="testcase.TC_FlightReservation"/>
</testsuite> <!-- testcase.TC_FlightReservation -->
