<?xml version="1.0" encoding="UTF-8"?>
<!-- Generated by org.testng.reporters.JUnitReportReporter -->
<testsuite skipped="0" hostname="Iqbal-PC" name="testcase.RegistrationTest" tests="1" failures="0" timestamp="07 Nov 2017 15:19:16 GMT" time="19.225" errors="0">
  <testcase name="registerUser" time="19.225" classname="testcase.RegistrationTest"/>
</testsuite> <!-- testcase.RegistrationTest -->
