<?xml version="1.0" encoding="UTF-8"?>
<!-- Generated by org.testng.reporters.JUnitReportReporter -->
<testsuite skipped="0" hostname="Iqbal-PC" name="testcase.FlightReservationTest" tests="2" failures="0" timestamp="07 Nov 2017 15:19:16 GMT" time="26.555" errors="0">
  <testcase name="flightReservation" time="12.141" classname="testcase.FlightReservationTest"/>
  <testcase name="flightReservation" time="14.414" classname="testcase.FlightReservationTest"/>
</testsuite> <!-- testcase.FlightReservationTest -->
