<?xml version="1.0" encoding="UTF-8"?>
<!-- Generated by org.testng.reporters.JUnitReportReporter -->
<testsuite skipped="0" hostname="Iqbal-PC" name="testcase.MercuryTours" tests="1" failures="0" timestamp="27 Oct 2017 06:32:15 GMT" time="52.362" errors="0">
  <testcase name="registerUser" time="52.362" classname="testcase.MercuryTours"/>
</testsuite> <!-- testcase.MercuryTours -->
