<?xml version="1.0" encoding="UTF-8"?>
<!-- Generated by org.testng.reporters.JUnitReportReporter -->
<testsuite skipped="0" hostname="Iqbal-PC" name="testcase.LoginTest" tests="1" failures="0" timestamp="07 Nov 2017 15:19:16 GMT" time="11.724" errors="0">
  <testcase name="login" time="11.724" classname="testcase.LoginTest"/>
</testsuite> <!-- testcase.LoginTest -->
