<?xml version="1.0" encoding="UTF-8"?>
<!-- Generated by org.testng.reporters.JUnitReportReporter -->
<testsuite skipped="0" hostname="Iqbal-PC" name="testcase.FramePageTest" tests="1" failures="0" timestamp="07 Nov 2017 15:19:16 GMT" time="17.716" errors="0">
  <testcase name="tc_frame" time="17.716" classname="testcase.FramePageTest"/>
</testsuite> <!-- testcase.FramePageTest -->
