<?xml version="1.0" encoding="UTF-8"?>
<!-- Generated by org.testng.reporters.JUnitReportReporter -->
<testsuite skipped="0" hostname="Iqbal-PC" name="testcase.TC_FlightReservation" tests="2" failures="0" timestamp="30 Oct 2017 09:04:09 GMT" time="165.996" errors="0">
  <testcase name="flightReservation" time="91.098" classname="testcase.TC_FlightReservation"/>
  <testcase name="flightReservation" time="74.898" classname="testcase.TC_FlightReservation"/>
</testsuite> <!-- testcase.TC_FlightReservation -->
