<?xml version="1.0" encoding="UTF-8"?>
<!-- Generated by org.testng.reporters.JUnitReportReporter -->
<testsuite skipped="0" hostname="Iqbal-PC" name="testcase.AlertPageTest" tests="1" failures="0" timestamp="07 Nov 2017 15:19:16 GMT" time="21.051" errors="0">
  <testcase name="tc_alert" time="21.051" classname="testcase.AlertPageTest"/>
</testsuite> <!-- testcase.AlertPageTest -->
