<?xml version="1.0" encoding="UTF-8"?>
<!-- Generated by org.testng.reporters.JUnitReportReporter -->
<testsuite skipped="0" hostname="Iqbal-PC" name="testcase.TC_Login" tests="1" failures="0" timestamp="30 Oct 2017 04:39:34 GMT" time="39.824" errors="0">
  <testcase name="login" time="39.824" classname="testcase.TC_Login"/>
</testsuite> <!-- testcase.TC_Login -->
